<?xml version="1.0" encoding="utf-8" standalone="no"?>
<!--This file represents the results of running a test suite-->
<test-results name="G:\Year 2\Level 4\PROG2070\Assignment 2\PTangAssignment2\PTangAssignment2.Tests\bin\Debug\PTangAssignment2.Tests.dll" total="8" errors="0" failures="0" not-run="0" inconclusive="0" ignored="0" skipped="0" invalid="0" date="2017-04-13" time="17:08:11">
  <environment nunit-version="2.6.4.14350" clr-version="2.0.50727.5485" os-version="Microsoft Windows NT 6.1.7601 Service Pack 1" platform="Win32NT" cwd="C:\Program Files (x86)\NUnit 2.6.4\bin" machine-name="2A211-B07" user="ptang4865" user-domain="CONESTOGAC" />
  <culture-info current-culture="en-US" current-uiculture="en-US" />
  <test-suite type="Assembly" name="G:\Year 2\Level 4\PROG2070\Assignment 2\PTangAssignment2\PTangAssignment2.Tests\bin\Debug\PTangAssignment2.Tests.dll" executed="True" result="Success" success="True" time="0.083" asserts="0">
    <results>
      <test-suite type="Namespace" name="PTangAssignment2" executed="True" result="Success" success="True" time="0.076" asserts="0">
        <results>
          <test-suite type="Namespace" name="Tests" executed="True" result="Success" success="True" time="0.076" asserts="0">
            <results>
              <test-suite type="TestFixture" name="TriangleSolverTest" executed="True" result="Success" success="True" time="0.075" asserts="0">
                <results>
                  <test-suite type="ParameterizedTest" name="TestingTriangleSides_InputsBigNumbers_ReturnsScalene" executed="True" result="Success" success="True" time="0.040" asserts="0">
                    <results>
                      <test-case name="PTangAssignment2.Tests.TriangleSolverTest.TestingTriangleSides_InputsBigNumbers_ReturnsScalene()" executed="True" result="Success" success="True" time="0.034" asserts="1" />
                    </results>
                  </test-suite>
                  <test-suite type="ParameterizedTest" name="TestingTriangleSides_InputsFiveFiveFive_ReturnsEquilateral" executed="True" result="Success" success="True" time="0.001" asserts="0">
                    <results>
                      <test-case name="PTangAssignment2.Tests.TriangleSolverTest.TestingTriangleSides_InputsFiveFiveFive_ReturnsEquilateral()" executed="True" result="Success" success="True" time="0.000" asserts="1" />
                    </results>
                  </test-suite>
                  <test-suite type="ParameterizedTest" name="TestingTriangleSides_InputsNegatives_ReturnsInvalid" executed="True" result="Success" success="True" time="0.001" asserts="0">
                    <results>
                      <test-case name="PTangAssignment2.Tests.TriangleSolverTest.TestingTriangleSides_InputsNegatives_ReturnsInvalid()" executed="True" result="Success" success="True" time="0.000" asserts="1" />
                    </results>
                  </test-suite>
                  <test-suite type="ParameterizedTest" name="TestingTriangleSides_InputsOneNegative_ReturnsInvalid" executed="True" result="Success" success="True" time="0.001" asserts="0">
                    <results>
                      <test-case name="PTangAssignment2.Tests.TriangleSolverTest.TestingTriangleSides_InputsOneNegative_ReturnsInvalid()" executed="True" result="Success" success="True" time="0.000" asserts="1" />
                    </results>
                  </test-suite>
                  <test-suite type="ParameterizedTest" name="TestingTriangleSides_InputsThreeFiveOne_ReturnsInvalid" executed="True" result="Success" success="True" time="0.001" asserts="0">
                    <results>
                      <test-case name="PTangAssignment2.Tests.TriangleSolverTest.TestingTriangleSides_InputsThreeFiveOne_ReturnsInvalid()" executed="True" result="Success" success="True" time="0.000" asserts="1" />
                    </results>
                  </test-suite>
                  <test-suite type="ParameterizedTest" name="TestingTriangleSides_InputsTwoFourThree_ReturnsScalene" executed="True" result="Success" success="True" time="0.001" asserts="0">
                    <results>
                      <test-case name="PTangAssignment2.Tests.TriangleSolverTest.TestingTriangleSides_InputsTwoFourThree_ReturnsScalene()" executed="True" result="Success" success="True" time="0.000" asserts="1" />
                    </results>
                  </test-suite>
                  <test-suite type="ParameterizedTest" name="TestingTriangleSides_InputsTwoThreeTwo_ReturnsIsosceles" executed="True" result="Success" success="True" time="0.001" asserts="0">
                    <results>
                      <test-case name="PTangAssignment2.Tests.TriangleSolverTest.TestingTriangleSides_InputsTwoThreeTwo_ReturnsIsosceles()" executed="True" result="Success" success="True" time="0.000" asserts="1" />
                    </results>
                  </test-suite>
                  <test-suite type="ParameterizedTest" name="TestingTriangleSides_InputsZeroZeroZero_ReturnsInvalid" executed="True" result="Success" success="True" time="0.001" asserts="0">
                    <results>
                      <test-case name="PTangAssignment2.Tests.TriangleSolverTest.TestingTriangleSides_InputsZeroZeroZero_ReturnsInvalid()" executed="True" result="Success" success="True" time="0.000" asserts="1" />
                    </results>
                  </test-suite>
                </results>
              </test-suite>
            </results>
          </test-suite>
        </results>
      </test-suite>
    </results>
  </test-suite>
</test-results>